<?xml version="1.0" encoding="UTF-8"?>
<testsuite name="APIAutomationFramework"
           tests="4"
           failures="0"
           errors="0"
           skipped="0"
           time="7.031">
    <properties></properties>



            <testcase
                name="testCreateBooking"
                time="3.743"
                classname="Shashank.ApiAutomation.tests.integration.TCIntegration_Assignment">
            </testcase>
            <testcase
                name="testVerifyBookingId"
                time="1.066"
                classname="Shashank.ApiAutomation.tests.integration.TCIntegration_Assignment">
            </testcase>
            <testcase
                name="testPatchBookingById"
                time="1.139"
                classname="Shashank.ApiAutomation.tests.integration.TCIntegration_Assignment">
            </testcase>
            <testcase
                name="testDeleteBookingById"
                time="1.083"
                classname="Shashank.ApiAutomation.tests.integration.TCIntegration_Assignment">
            </testcase>
</testsuite>
