<?xml version="1.0" encoding="UTF-8"?>
<testsuite name="APIAutomationFramework"
           tests="4"
           failures="0"
           errors="0"
           skipped="0"
           time="0.047">
    <properties></properties>



            <testcase
                name="testCreateBooking"
                time="0.047"
                classname="Shashank.ApiAutomation.tests.integration.TCIntegrationSample">
            </testcase>
            <testcase
                name="testUpdateBookingByID"
                time="0.000"
                classname="Shashank.ApiAutomation.tests.integration.TCIntegrationSample">
            </testcase>
            <testcase
                name="testVerifyBookingId"
                time="0.000"
                classname="Shashank.ApiAutomation.tests.integration.TCIntegrationSample">
            </testcase>
            <testcase
                name="testDeleteBookingById"
                time="0.000"
                classname="Shashank.ApiAutomation.tests.integration.TCIntegrationSample">
            </testcase>
</testsuite>
